app/build/intermediates/manifest_merge_blame_file/debug/manifest-merger-blame-debug-report.txt
1<?xml version="1.0" encoding="utf-8"?>
2<manifest xmlns:android="http://schemas.android.com/apk/res/android"
3    package="com.raywenderlich.android.drinkit"
4    android:versionCode="1"
5    android:versionName="1.0" >
6
7    <uses-sdk
8        android:minSdkVersion="19"
8-->src/main/AndroidManifest.xml
9        android:targetSdkVersion="29" />
9-->src/main/AndroidManifest.xml
10
11    <!-- Required permission for App measurement to run. -->
12    <uses-permission android:name="android.permission.INTERNET" />
12-->[com.google.android.gms:play-services-measurement:17.2.3] AndroidManifest.xml:23:5-67
12-->[com.google.android.gms:play-services-measurement:17.2.3] AndroidManifest.xml:23:22-64
13    <uses-permission android:name="android.permission.ACCESS_NETWORK_STATE" />
13-->[com.google.android.gms:play-services-measurement:17.2.3] AndroidManifest.xml:24:5-79
13-->[com.google.android.gms:play-services-measurement:17.2.3] AndroidManifest.xml:24:22-76
14    <uses-permission android:name="android.permission.WAKE_LOCK" />
14-->[com.google.android.gms:play-services-measurement:17.2.3] AndroidManifest.xml:25:5-68
14-->[com.google.android.gms:play-services-measurement:17.2.3] AndroidManifest.xml:25:22-65
15    <uses-permission android:name="com.google.android.finsky.permission.BIND_GET_INSTALL_REFERRER_SERVICE" /> <!-- Required by older versions of Google Play services to create IID tokens -->
15-->[com.google.android.gms:play-services-measurement:17.2.3] AndroidManifest.xml:26:5-110
15-->[com.google.android.gms:play-services-measurement:17.2.3] AndroidManifest.xml:26:22-107
16    <uses-permission android:name="com.google.android.c2dm.permission.RECEIVE" />
16-->[com.google.firebase:firebase-iid:20.1.2] AndroidManifest.xml:26:5-82
16-->[com.google.firebase:firebase-iid:20.1.2] AndroidManifest.xml:26:22-79
17
18    <application
18-->src/main/AndroidManifest.xml:6:3-33:17
19        android:allowBackup="false"
19-->src/main/AndroidManifest.xml:7:7-34
20        android:appComponentFactory="androidx.core.app.CoreComponentFactory"
20-->[androidx.core:core:1.1.0] AndroidManifest.xml:24:18-86
21        android:debuggable="true"
22        android:icon="@mipmap/ic_launcher"
22-->src/main/AndroidManifest.xml:8:7-41
23        android:label="@string/app_name"
23-->src/main/AndroidManifest.xml:9:7-39
24        android:roundIcon="@mipmap/ic_launcher_round"
24-->src/main/AndroidManifest.xml:10:7-52
25        android:supportsRtl="true"
25-->src/main/AndroidManifest.xml:11:7-33
26        android:testOnly="true"
27        android:theme="@style/AppTheme" >
27-->src/main/AndroidManifest.xml:12:7-38
28
29        <!-- Main Activity -->
30        <activity
30-->src/main/AndroidManifest.xml:16:5-23:16
31            android:name="com.raywenderlich.android.drinkit.MainActivity"
31-->src/main/AndroidManifest.xml:17:9-37
32            android:theme="@style/SplashTheme" >
32-->src/main/AndroidManifest.xml:18:9-43
33            <intent-filter>
33-->src/main/AndroidManifest.xml:19:7-22:23
34                <action android:name="android.intent.action.MAIN" />
34-->src/main/AndroidManifest.xml:20:9-61
34-->src/main/AndroidManifest.xml:20:17-58
35
36                <category android:name="android.intent.category.LAUNCHER" />
36-->src/main/AndroidManifest.xml:21:9-69
36-->src/main/AndroidManifest.xml:21:19-66
37            </intent-filter>
38        </activity>
39
40        <service
40-->src/main/AndroidManifest.xml:25:5-31:15
41            android:name="com.raywenderlich.android.drinkit.MyFirebaseMessagingService"
41-->src/main/AndroidManifest.xml:26:7-49
42            android:exported="false" >
42-->src/main/AndroidManifest.xml:27:7-31
43            <intent-filter>
43-->src/main/AndroidManifest.xml:28:7-30:23
44                <action android:name="com.google.firebase.MESSAGING_EVENT" />
44-->src/main/AndroidManifest.xml:29:9-70
44-->src/main/AndroidManifest.xml:29:17-67
45            </intent-filter>
46        </service>
47
48        <!--
49             FirebaseMessagingService performs security checks at runtime,
50             but set to not exported to explicitly avoid allowing another app to call it.
51        -->
52        <service
52-->[com.google.firebase:firebase-messaging:20.1.3] AndroidManifest.xml:28:9-34:19
53            android:name="com.google.firebase.messaging.FirebaseMessagingService"
53-->[com.google.firebase:firebase-messaging:20.1.3] AndroidManifest.xml:29:13-82
54            android:exported="false" >
54-->[com.google.firebase:firebase-messaging:20.1.3] AndroidManifest.xml:30:13-37
55            <intent-filter android:priority="-500" >
55-->src/main/AndroidManifest.xml:28:7-30:23
56                <action android:name="com.google.firebase.MESSAGING_EVENT" />
56-->src/main/AndroidManifest.xml:29:9-70
56-->src/main/AndroidManifest.xml:29:17-67
57            </intent-filter>
58        </service>
59        <service
59-->[com.google.firebase:firebase-messaging:20.1.3] AndroidManifest.xml:35:9-41:19
60            android:name="com.google.firebase.components.ComponentDiscoveryService"
60-->[com.google.firebase:firebase-messaging:20.1.3] AndroidManifest.xml:36:13-84
61            android:directBootAware="true"
61-->[com.google.firebase:firebase-common:19.3.0] AndroidManifest.xml:34:13-43
62            android:exported="false" >
62-->[com.google.firebase:firebase-messaging:20.1.3] AndroidManifest.xml:37:13-37
63            <meta-data
63-->[com.google.firebase:firebase-messaging:20.1.3] AndroidManifest.xml:38:13-40:85
64                android:name="com.google.firebase.components:com.google.firebase.messaging.FirebaseMessagingRegistrar"
64-->[com.google.firebase:firebase-messaging:20.1.3] AndroidManifest.xml:39:17-119
65                android:value="com.google.firebase.components.ComponentRegistrar" />
65-->[com.google.firebase:firebase-messaging:20.1.3] AndroidManifest.xml:40:17-82
66            <meta-data
66-->[com.google.android.gms:play-services-measurement-api:17.2.3] AndroidManifest.xml:30:13-32:85
67                android:name="com.google.firebase.components:com.google.firebase.analytics.connector.internal.AnalyticsConnectorRegistrar"
67-->[com.google.android.gms:play-services-measurement-api:17.2.3] AndroidManifest.xml:31:17-139
68                android:value="com.google.firebase.components.ComponentRegistrar" />
68-->[com.google.android.gms:play-services-measurement-api:17.2.3] AndroidManifest.xml:32:17-82
69            <meta-data
69-->[com.google.firebase:firebase-datatransport:17.0.3] AndroidManifest.xml:28:13-30:85
70                android:name="com.google.firebase.components:com.google.firebase.datatransport.TransportRegistrar"
70-->[com.google.firebase:firebase-datatransport:17.0.3] AndroidManifest.xml:29:17-115
71                android:value="com.google.firebase.components.ComponentRegistrar" />
71-->[com.google.firebase:firebase-datatransport:17.0.3] AndroidManifest.xml:30:17-82
72            <meta-data
72-->[com.google.firebase:firebase-iid:20.1.2] AndroidManifest.xml:32:13-34:85
73                android:name="com.google.firebase.components:com.google.firebase.iid.Registrar"
73-->[com.google.firebase:firebase-iid:20.1.2] AndroidManifest.xml:33:17-96
74                android:value="com.google.firebase.components.ComponentRegistrar" />
74-->[com.google.firebase:firebase-iid:20.1.2] AndroidManifest.xml:34:17-82
75            <meta-data
75-->[com.google.firebase:firebase-installations:16.1.0] AndroidManifest.xml:17:13-19:85
76                android:name="com.google.firebase.components:com.google.firebase.installations.FirebaseInstallationsRegistrar"
76-->[com.google.firebase:firebase-installations:16.1.0] AndroidManifest.xml:18:17-127
77                android:value="com.google.firebase.components.ComponentRegistrar" />
77-->[com.google.firebase:firebase-installations:16.1.0] AndroidManifest.xml:19:17-82
78        </service>
79
80        <receiver
80-->[com.google.android.gms:play-services-measurement:17.2.3] AndroidManifest.xml:29:9-33:20
81            android:name="com.google.android.gms.measurement.AppMeasurementReceiver"
81-->[com.google.android.gms:play-services-measurement:17.2.3] AndroidManifest.xml:30:13-85
82            android:enabled="true"
82-->[com.google.android.gms:play-services-measurement:17.2.3] AndroidManifest.xml:31:13-35
83            android:exported="false" >
83-->[com.google.android.gms:play-services-measurement:17.2.3] AndroidManifest.xml:32:13-37
84        </receiver>
85        <receiver
85-->[com.google.android.gms:play-services-measurement:17.2.3] AndroidManifest.xml:34:9-42:20
86            android:name="com.google.android.gms.measurement.AppMeasurementInstallReferrerReceiver"
86-->[com.google.android.gms:play-services-measurement:17.2.3] AndroidManifest.xml:35:13-100
87            android:enabled="true"
87-->[com.google.android.gms:play-services-measurement:17.2.3] AndroidManifest.xml:36:13-35
88            android:exported="true"
88-->[com.google.android.gms:play-services-measurement:17.2.3] AndroidManifest.xml:37:13-36
89            android:permission="android.permission.INSTALL_PACKAGES" >
89-->[com.google.android.gms:play-services-measurement:17.2.3] AndroidManifest.xml:38:13-69
90            <intent-filter>
90-->[com.google.android.gms:play-services-measurement:17.2.3] AndroidManifest.xml:39:13-41:29
91                <action android:name="com.android.vending.INSTALL_REFERRER" />
91-->[com.google.android.gms:play-services-measurement:17.2.3] AndroidManifest.xml:40:17-79
91-->[com.google.android.gms:play-services-measurement:17.2.3] AndroidManifest.xml:40:25-76
92            </intent-filter>
93        </receiver>
94
95        <service
95-->[com.google.android.gms:play-services-measurement:17.2.3] AndroidManifest.xml:44:9-47:40
96            android:name="com.google.android.gms.measurement.AppMeasurementService"
96-->[com.google.android.gms:play-services-measurement:17.2.3] AndroidManifest.xml:45:13-84
97            android:enabled="true"
97-->[com.google.android.gms:play-services-measurement:17.2.3] AndroidManifest.xml:46:13-35
98            android:exported="false" />
98-->[com.google.android.gms:play-services-measurement:17.2.3] AndroidManifest.xml:47:13-37
99        <service
99-->[com.google.android.gms:play-services-measurement:17.2.3] AndroidManifest.xml:48:9-52:72
100            android:name="com.google.android.gms.measurement.AppMeasurementJobService"
100-->[com.google.android.gms:play-services-measurement:17.2.3] AndroidManifest.xml:49:13-87
101            android:enabled="true"
101-->[com.google.android.gms:play-services-measurement:17.2.3] AndroidManifest.xml:50:13-35
102            android:exported="false"
102-->[com.google.android.gms:play-services-measurement:17.2.3] AndroidManifest.xml:51:13-37
103            android:permission="android.permission.BIND_JOB_SERVICE" />
103-->[com.google.android.gms:play-services-measurement:17.2.3] AndroidManifest.xml:52:13-69
104
105        <receiver
105-->[com.google.firebase:firebase-iid:20.1.2] AndroidManifest.xml:37:9-44:20
106            android:name="com.google.firebase.iid.FirebaseInstanceIdReceiver"
106-->[com.google.firebase:firebase-iid:20.1.2] AndroidManifest.xml:38:13-78
107            android:exported="true"
107-->[com.google.firebase:firebase-iid:20.1.2] AndroidManifest.xml:39:13-36
108            android:permission="com.google.android.c2dm.permission.SEND" >
108-->[com.google.firebase:firebase-iid:20.1.2] AndroidManifest.xml:40:13-73
109            <intent-filter>
109-->[com.google.firebase:firebase-iid:20.1.2] AndroidManifest.xml:41:13-43:29
110                <action android:name="com.google.android.c2dm.intent.RECEIVE" />
110-->[com.google.firebase:firebase-iid:20.1.2] AndroidManifest.xml:42:17-81
110-->[com.google.firebase:firebase-iid:20.1.2] AndroidManifest.xml:42:25-78
111            </intent-filter>
112        </receiver>
113
114        <provider
114-->[com.google.firebase:firebase-common:19.3.0] AndroidManifest.xml:26:9-30:39
115            android:name="com.google.firebase.provider.FirebaseInitProvider"
115-->[com.google.firebase:firebase-common:19.3.0] AndroidManifest.xml:27:13-77
116            android:authorities="com.raywenderlich.android.drinkit.firebaseinitprovider"
116-->[com.google.firebase:firebase-common:19.3.0] AndroidManifest.xml:28:13-72
117            android:exported="false"
117-->[com.google.firebase:firebase-common:19.3.0] AndroidManifest.xml:29:13-37
118            android:initOrder="100" />
118-->[com.google.firebase:firebase-common:19.3.0] AndroidManifest.xml:30:13-36
119
120        <activity
120-->[com.google.android.gms:play-services-base:17.0.0] AndroidManifest.xml:23:9-26:75
121            android:name="com.google.android.gms.common.api.GoogleApiActivity"
121-->[com.google.android.gms:play-services-base:17.0.0] AndroidManifest.xml:24:13-79
122            android:exported="false"
122-->[com.google.android.gms:play-services-base:17.0.0] AndroidManifest.xml:25:13-37
123            android:theme="@android:style/Theme.Translucent.NoTitleBar" />
123-->[com.google.android.gms:play-services-base:17.0.0] AndroidManifest.xml:26:13-72
124
125        <meta-data
125-->[com.google.android.gms:play-services-basement:17.0.0] AndroidManifest.xml:23:9-25:69
126            android:name="com.google.android.gms.version"
126-->[com.google.android.gms:play-services-basement:17.0.0] AndroidManifest.xml:24:13-58
127            android:value="@integer/google_play_services_version" />
127-->[com.google.android.gms:play-services-basement:17.0.0] AndroidManifest.xml:25:13-66
128
129        <service
129-->[com.google.android.datatransport:transport-backend-cct:2.2.0] AndroidManifest.xml:29:9-35:19
130            android:name="com.google.android.datatransport.runtime.backends.TransportBackendDiscovery"
130-->[com.google.android.datatransport:transport-backend-cct:2.2.0] AndroidManifest.xml:30:13-103
131            android:exported="false" >
131-->[com.google.android.datatransport:transport-backend-cct:2.2.0] AndroidManifest.xml:31:13-37
132            <meta-data
132-->[com.google.android.datatransport:transport-backend-cct:2.2.0] AndroidManifest.xml:32:13-34:39
133                android:name="backend:com.google.android.datatransport.cct.CctBackendFactory"
133-->[com.google.android.datatransport:transport-backend-cct:2.2.0] AndroidManifest.xml:33:17-94
134                android:value="cct" />
134-->[com.google.android.datatransport:transport-backend-cct:2.2.0] AndroidManifest.xml:34:17-36
135        </service>
136        <service
136-->[com.google.android.datatransport:transport-runtime:2.2.0] AndroidManifest.xml:26:9-30:19
137            android:name="com.google.android.datatransport.runtime.scheduling.jobscheduling.JobInfoSchedulerService"
137-->[com.google.android.datatransport:transport-runtime:2.2.0] AndroidManifest.xml:27:13-117
138            android:exported="false"
138-->[com.google.android.datatransport:transport-runtime:2.2.0] AndroidManifest.xml:28:13-37
139            android:permission="android.permission.BIND_JOB_SERVICE" >
139-->[com.google.android.datatransport:transport-runtime:2.2.0] AndroidManifest.xml:29:13-69
140        </service>
141
142        <receiver
142-->[com.google.android.datatransport:transport-runtime:2.2.0] AndroidManifest.xml:32:9-34:40
143            android:name="com.google.android.datatransport.runtime.scheduling.jobscheduling.AlarmManagerSchedulerBroadcastReceiver"
143-->[com.google.android.datatransport:transport-runtime:2.2.0] AndroidManifest.xml:33:13-132
144            android:exported="false" />
144-->[com.google.android.datatransport:transport-runtime:2.2.0] AndroidManifest.xml:34:13-37
145    </application>
146
147</manifest>